2025-07-20 01:39:46,547 - INFO - 启动车位抢占工具...
2025-07-20 01:39:46,547 - INFO - === 车位抢占工具启动 ===
2025-07-20 01:39:46,549 - ERROR - 未找到 ADB 工具，请确保已安装并添加到环境变量
2025-07-20 01:39:46,549 - ERROR - 无法连接到安卓设备，程序退出
2025-07-20 01:39:46,549 - ERROR - 程序异常结束
2025-07-20 01:47:25,791 - INFO - 启动车位抢占工具...
2025-07-20 01:47:25,792 - INFO - === 车位抢占工具启动 ===
2025-07-20 01:47:25,794 - ERROR - 未找到 ADB 工具，请确保已安装并添加到环境变量
2025-07-20 01:47:25,794 - ERROR - 无法连接到安卓设备，程序退出
2025-07-20 01:47:25,794 - ERROR - 程序异常结束
2025-07-20 01:55:59,131 - INFO - 启动车位抢占工具...
2025-07-20 01:55:59,131 - INFO - === 车位抢占工具启动 ===
2025-07-20 01:55:59,158 - INFO - 成功连接到设备: 127.0.0.1:5555
2025-07-20 01:55:59,183 - INFO - 开始监控车位...
2025-07-20 01:55:59,471 - INFO - 成功点击坐标: (391, 230)
2025-07-20 01:56:01,471 - INFO - 成功点击车位临停按钮
2025-07-20 01:56:04,876 - INFO - 截图保存成功: temp_screenshot.png
2025-07-20 01:56:05,003 - ERROR - OCR识别时发生错误: tesseract is not installed or it's not in your PATH. See README file for more information.
2025-07-20 01:56:05,003 - WARNING - 未能识别到车位数量
2025-07-20 01:56:05,003 - WARNING - 无法识别车位数量
2025-07-20 01:56:05,039 - INFO - 调试图像已保存: debug_roi.png
2025-07-20 01:56:05,039 - WARNING - 无法识别车位数量，返回上一页
2025-07-20 01:56:05,347 - INFO - 成功按下返回键
2025-07-20 01:56:07,347 - INFO - 成功返回上一页
2025-07-20 01:56:09,347 - INFO - 暂无车位，等待 60 秒后重试...
2025-07-20 01:56:19,130 - INFO - 启动车位抢占工具...
2025-07-20 01:56:19,130 - INFO - === 车位抢占工具启动 ===
2025-07-20 01:56:19,152 - INFO - 成功连接到设备: 127.0.0.1:5555
2025-07-20 01:56:19,171 - INFO - 开始监控车位...
2025-07-20 01:56:19,374 - INFO - 成功点击坐标: (391, 230)
2025-07-20 01:56:21,375 - INFO - 成功点击车位临停按钮
2025-07-20 01:56:24,688 - INFO - 截图保存成功: temp_screenshot.png
2025-07-20 01:56:24,742 - ERROR - OCR识别时发生错误: tesseract is not installed or it's not in your PATH. See README file for more information.
2025-07-20 01:56:24,743 - WARNING - 未能识别到车位数量
2025-07-20 01:56:24,743 - WARNING - 无法识别车位数量
2025-07-20 01:56:24,772 - INFO - 调试图像已保存: debug_roi.png
2025-07-20 01:56:24,772 - WARNING - 无法识别车位数量，返回上一页
2025-07-20 01:56:24,964 - INFO - 成功按下返回键
2025-07-20 01:56:26,965 - INFO - 成功返回上一页
2025-07-20 01:56:28,965 - INFO - 暂无车位，等待 60 秒后重试...
